{"C:\\Users\\user\\Desktop\\task mern\\fleetlink-backend\\app.js": {"path":"C:\\Users\\user\\Desktop\\task mern\\fleetlink-backend\\app.js","statementMap":{"0":{"start":{"line":1,"column":16},"end":{"line":1,"column":34}},"1":{"start":{"line":2,"column":13},"end":{"line":2,"column":28}},"2":{"start":{"line":4,"column":23},"end":{"line":4,"column":51}},"3":{"start":{"line":5,"column":23},"end":{"line":5,"column":51}},"4":{"start":{"line":7,"column":12},"end":{"line":7,"column":21}},"5":{"start":{"line":8,"column":0},"end":{"line":8,"column":16}},"6":{"start":{"line":9,"column":0},"end":{"line":9,"column":24}},"7":{"start":{"line":11,"column":0},"end":{"line":11,"column":41}},"8":{"start":{"line":12,"column":0},"end":{"line":12,"column":41}},"9":{"start":{"line":14,"column":0},"end":{"line":14,"column":54}},"10":{"start":{"line":14,"column":27},"end":{"line":14,"column":52}},"11":{"start":{"line":16,"column":0},"end":{"line":16,"column":21}}},"fnMap":{"0":{"name":"(anonymous_0)","decl":{"start":{"line":14,"column":13},"end":{"line":14,"column":14}},"loc":{"start":{"line":14,"column":27},"end":{"line":14,"column":52}},"line":14}},"branchMap":{},"s":{"0":1,"1":1,"2":1,"3":1,"4":1,"5":1,"6":1,"7":1,"8":1,"9":1,"10":0,"11":1},"f":{"0":0},"b":{},"_coverageSchema":"1a1c01bbd47fc00a2c39e90264f33305004495a9","hash":"ffa5eeef2a5cc2ffff06f05f1268b275273a065f"}
,"C:\\Users\\user\\Desktop\\task mern\\fleetlink-backend\\models\\Booking.js": {"path":"C:\\Users\\user\\Desktop\\task mern\\fleetlink-backend\\models\\Booking.js","statementMap":{"0":{"start":{"line":1,"column":17},"end":{"line":1,"column":36}},"1":{"start":{"line":3,"column":22},"end":{"line":10,"column":24}},"2":{"start":{"line":12,"column":0},"end":{"line":12,"column":58}}},"fnMap":{},"branchMap":{},"s":{"0":2,"1":2,"2":2},"f":{},"b":{},"_coverageSchema":"1a1c01bbd47fc00a2c39e90264f33305004495a9","hash":"e60671c4a6a9d68f115d14df2357ef83629b298b"}
,"C:\\Users\\user\\Desktop\\task mern\\fleetlink-backend\\models\\Vehicle.js": {"path":"C:\\Users\\user\\Desktop\\task mern\\fleetlink-backend\\models\\Vehicle.js","statementMap":{"0":{"start":{"line":1,"column":17},"end":{"line":1,"column":36}},"1":{"start":{"line":3,"column":22},"end":{"line":7,"column":24}},"2":{"start":{"line":9,"column":0},"end":{"line":9,"column":58}}},"fnMap":{},"branchMap":{},"s":{"0":2,"1":2,"2":2},"f":{},"b":{},"_coverageSchema":"1a1c01bbd47fc00a2c39e90264f33305004495a9","hash":"47ede82aa0e7764d1822f6942f8fdf85ffda195d"}
,"C:\\Users\\user\\Desktop\\task mern\\fleetlink-backend\\routes\\bookings.js": {"path":"C:\\Users\\user\\Desktop\\task mern\\fleetlink-backend\\routes\\bookings.js","statementMap":{"0":{"start":{"line":1,"column":16},"end":{"line":1,"column":34}},"1":{"start":{"line":2,"column":15},"end":{"line":2,"column":31}},"2":{"start":{"line":3,"column":16},"end":{"line":3,"column":44}},"3":{"start":{"line":4,"column":16},"end":{"line":4,"column":44}},"4":{"start":{"line":5,"column":25},"end":{"line":5,"column":61}},"5":{"start":{"line":8,"column":0},"end":{"line":50,"column":3}},"6":{"start":{"line":9,"column":2},"end":{"line":49,"column":3}},"7":{"start":{"line":10,"column":73},"end":{"line":10,"column":81}},"8":{"start":{"line":11,"column":4},"end":{"line":13,"column":5}},"9":{"start":{"line":12,"column":6},"end":{"line":12,"column":104}},"10":{"start":{"line":15,"column":20},"end":{"line":15,"column":53}},"11":{"start":{"line":16,"column":4},"end":{"line":16,"column":80}},"12":{"start":{"line":16,"column":18},"end":{"line":16,"column":80}},"13":{"start":{"line":18,"column":18},"end":{"line":18,"column":37}},"14":{"start":{"line":19,"column":4},"end":{"line":19,"column":94}},"15":{"start":{"line":19,"column":32},"end":{"line":19,"column":94}},"16":{"start":{"line":21,"column":39},"end":{"line":21,"column":79}},"17":{"start":{"line":22,"column":27},"end":{"line":22,"column":95}},"18":{"start":{"line":25,"column":21},"end":{"line":31,"column":6}},"19":{"start":{"line":32,"column":4},"end":{"line":34,"column":5}},"20":{"start":{"line":33,"column":6},"end":{"line":33,"column":94}},"21":{"start":{"line":36,"column":20},"end":{"line":43,"column":6}},"22":{"start":{"line":44,"column":4},"end":{"line":44,"column":25}},"23":{"start":{"line":45,"column":4},"end":{"line":45,"column":41}},"24":{"start":{"line":47,"column":4},"end":{"line":47,"column":23}},"25":{"start":{"line":48,"column":4},"end":{"line":48,"column":61}},"26":{"start":{"line":52,"column":0},"end":{"line":52,"column":24}}},"fnMap":{"0":{"name":"(anonymous_0)","decl":{"start":{"line":8,"column":17},"end":{"line":8,"column":18}},"loc":{"start":{"line":8,"column":37},"end":{"line":50,"column":1}},"line":8}},"branchMap":{"0":{"loc":{"start":{"line":11,"column":4},"end":{"line":13,"column":5}},"type":"if","locations":[{"start":{"line":11,"column":4},"end":{"line":13,"column":5}},{"start":{},"end":{}}],"line":11},"1":{"loc":{"start":{"line":11,"column":8},"end":{"line":11,"column":62}},"type":"binary-expr","locations":[{"start":{"line":11,"column":8},"end":{"line":11,"column":18}},{"start":{"line":11,"column":22},"end":{"line":11,"column":34}},{"start":{"line":11,"column":38},"end":{"line":11,"column":48}},{"start":{"line":11,"column":52},"end":{"line":11,"column":62}}],"line":11},"2":{"loc":{"start":{"line":16,"column":4},"end":{"line":16,"column":80}},"type":"if","locations":[{"start":{"line":16,"column":4},"end":{"line":16,"column":80}},{"start":{},"end":{}}],"line":16},"3":{"loc":{"start":{"line":19,"column":4},"end":{"line":19,"column":94}},"type":"if","locations":[{"start":{"line":19,"column":4},"end":{"line":19,"column":94}},{"start":{},"end":{}}],"line":19},"4":{"loc":{"start":{"line":32,"column":4},"end":{"line":34,"column":5}},"type":"if","locations":[{"start":{"line":32,"column":4},"end":{"line":34,"column":5}},{"start":{},"end":{}}],"line":32},"5":{"loc":{"start":{"line":42,"column":18},"end":{"line":42,"column":41}},"type":"binary-expr","locations":[{"start":{"line":42,"column":18},"end":{"line":42,"column":28}},{"start":{"line":42,"column":32},"end":{"line":42,"column":41}}],"line":42}},"s":{"0":1,"1":1,"2":1,"3":1,"4":1,"5":1,"6":2,"7":2,"8":2,"9":0,"10":2,"11":2,"12":0,"13":2,"14":2,"15":0,"16":2,"17":2,"18":2,"19":2,"20":1,"21":1,"22":1,"23":1,"24":0,"25":0,"26":1},"f":{"0":2},"b":{"0":[0,2],"1":[2,2,2,2],"2":[0,2],"3":[0,2],"4":[1,1],"5":[1,0]},"_coverageSchema":"1a1c01bbd47fc00a2c39e90264f33305004495a9","hash":"6edb3cd6cbf6ed64e3fe07991fe716b78923a043"}
,"C:\\Users\\user\\Desktop\\task mern\\fleetlink-backend\\routes\\vehicles.js": {"path":"C:\\Users\\user\\Desktop\\task mern\\fleetlink-backend\\routes\\vehicles.js","statementMap":{"0":{"start":{"line":1,"column":16},"end":{"line":1,"column":34}},"1":{"start":{"line":2,"column":15},"end":{"line":2,"column":31}},"2":{"start":{"line":3,"column":16},"end":{"line":3,"column":44}},"3":{"start":{"line":4,"column":16},"end":{"line":4,"column":44}},"4":{"start":{"line":5,"column":25},"end":{"line":5,"column":61}},"5":{"start":{"line":8,"column":0},"end":{"line":21,"column":3}},"6":{"start":{"line":9,"column":2},"end":{"line":20,"column":3}},"7":{"start":{"line":10,"column":40},"end":{"line":10,"column":48}},"8":{"start":{"line":11,"column":4},"end":{"line":13,"column":5}},"9":{"start":{"line":12,"column":6},"end":{"line":12,"column":104}},"10":{"start":{"line":14,"column":14},"end":{"line":14,"column":54}},"11":{"start":{"line":15,"column":4},"end":{"line":15,"column":19}},"12":{"start":{"line":16,"column":4},"end":{"line":16,"column":35}},"13":{"start":{"line":18,"column":4},"end":{"line":18,"column":52}},"14":{"start":{"line":19,"column":4},"end":{"line":19,"column":61}},"15":{"start":{"line":25,"column":0},"end":{"line":89,"column":3}},"16":{"start":{"line":26,"column":2},"end":{"line":88,"column":3}},"17":{"start":{"line":27,"column":68},"end":{"line":27,"column":77}},"18":{"start":{"line":30,"column":4},"end":{"line":32,"column":5}},"19":{"start":{"line":31,"column":6},"end":{"line":31,"column":134}},"20":{"start":{"line":33,"column":24},"end":{"line":33,"column":48}},"21":{"start":{"line":34,"column":4},"end":{"line":36,"column":5}},"22":{"start":{"line":35,"column":6},"end":{"line":35,"column":84}},"23":{"start":{"line":37,"column":18},"end":{"line":37,"column":37}},"24":{"start":{"line":38,"column":4},"end":{"line":38,"column":94}},"25":{"start":{"line":38,"column":32},"end":{"line":38,"column":94}},"26":{"start":{"line":42,"column":4},"end":{"line":46,"column":5}},"27":{"start":{"line":43,"column":6},"end":{"line":43,"column":76}},"28":{"start":{"line":45,"column":6},"end":{"line":45,"column":69}},"29":{"start":{"line":47,"column":16},"end":{"line":47,"column":87}},"30":{"start":{"line":50,"column":30},"end":{"line":50,"column":94}},"31":{"start":{"line":53,"column":22},"end":{"line":80,"column":7}},"32":{"start":{"line":54,"column":23},"end":{"line":71,"column":8}},"33":{"start":{"line":66,"column":8},"end":{"line":70,"column":11}},"34":{"start":{"line":73,"column":6},"end":{"line":78,"column":7}},"35":{"start":{"line":74,"column":8},"end":{"line":77,"column":10}},"36":{"start":{"line":79,"column":6},"end":{"line":79,"column":18}},"37":{"start":{"line":83,"column":19},"end":{"line":83,"column":44}},"38":{"start":{"line":84,"column":4},"end":{"line":84,"column":40}},"39":{"start":{"line":86,"column":4},"end":{"line":86,"column":61}},"40":{"start":{"line":87,"column":4},"end":{"line":87,"column":61}},"41":{"start":{"line":91,"column":0},"end":{"line":91,"column":24}}},"fnMap":{"0":{"name":"(anonymous_0)","decl":{"start":{"line":8,"column":17},"end":{"line":8,"column":18}},"loc":{"start":{"line":8,"column":37},"end":{"line":21,"column":1}},"line":8},"1":{"name":"(anonymous_1)","decl":{"start":{"line":25,"column":25},"end":{"line":25,"column":26}},"loc":{"start":{"line":25,"column":45},"end":{"line":89,"column":1}},"line":25},"2":{"name":"(anonymous_2)","decl":{"start":{"line":53,"column":62},"end":{"line":53,"column":63}},"loc":{"start":{"line":53,"column":77},"end":{"line":80,"column":5}},"line":53},"3":{"name":"(anonymous_3)","decl":{"start":{"line":63,"column":15},"end":{"line":63,"column":16}},"loc":{"start":{"line":63,"column":27},"end":{"line":71,"column":7}},"line":63}},"branchMap":{"0":{"loc":{"start":{"line":11,"column":4},"end":{"line":13,"column":5}},"type":"if","locations":[{"start":{"line":11,"column":4},"end":{"line":13,"column":5}},{"start":{},"end":{}}],"line":11},"1":{"loc":{"start":{"line":11,"column":8},"end":{"line":11,"column":76}},"type":"binary-expr","locations":[{"start":{"line":11,"column":8},"end":{"line":11,"column":13}},{"start":{"line":11,"column":17},"end":{"line":11,"column":47}},{"start":{"line":11,"column":51},"end":{"line":11,"column":76}}],"line":11},"2":{"loc":{"start":{"line":30,"column":4},"end":{"line":32,"column":5}},"type":"if","locations":[{"start":{"line":30,"column":4},"end":{"line":32,"column":5}},{"start":{},"end":{}}],"line":30},"3":{"loc":{"start":{"line":30,"column":8},"end":{"line":30,"column":69}},"type":"binary-expr","locations":[{"start":{"line":30,"column":8},"end":{"line":30,"column":25}},{"start":{"line":30,"column":29},"end":{"line":30,"column":41}},{"start":{"line":30,"column":45},"end":{"line":30,"column":55}},{"start":{"line":30,"column":59},"end":{"line":30,"column":69}}],"line":30},"4":{"loc":{"start":{"line":34,"column":4},"end":{"line":36,"column":5}},"type":"if","locations":[{"start":{"line":34,"column":4},"end":{"line":36,"column":5}},{"start":{},"end":{}}],"line":34},"5":{"loc":{"start":{"line":38,"column":4},"end":{"line":38,"column":94}},"type":"if","locations":[{"start":{"line":38,"column":4},"end":{"line":38,"column":94}},{"start":{},"end":{}}],"line":38},"6":{"loc":{"start":{"line":73,"column":6},"end":{"line":78,"column":7}},"type":"if","locations":[{"start":{"line":73,"column":6},"end":{"line":78,"column":7}},{"start":{},"end":{}}],"line":73}},"s":{"0":2,"1":2,"2":2,"3":2,"4":2,"5":2,"6":4,"7":4,"8":4,"9":1,"10":3,"11":3,"12":3,"13":0,"14":0,"15":2,"16":3,"17":3,"18":3,"19":0,"20":3,"21":3,"22":1,"23":2,"24":2,"25":0,"26":2,"27":2,"28":0,"29":2,"30":2,"31":2,"32":2,"33":0,"34":2,"35":1,"36":1,"37":2,"38":2,"39":0,"40":0,"41":2},"f":{"0":4,"1":3,"2":2,"3":0},"b":{"0":[1,3],"1":[4,4,3],"2":[0,3],"3":[3,3,3,3],"4":[1,2],"5":[0,2],"6":[1,1]},"_coverageSchema":"1a1c01bbd47fc00a2c39e90264f33305004495a9","hash":"5e5c5b82fb70814fb3fecb40bb6759dcc80493df"}
,"C:\\Users\\user\\Desktop\\task mern\\fleetlink-backend\\utils\\calcRideDuration.js": {"path":"C:\\Users\\user\\Desktop\\task mern\\fleetlink-backend\\utils\\calcRideDuration.js","statementMap":{"0":{"start":{"line":2,"column":0},"end":{"line":8,"column":1}},"1":{"start":{"line":3,"column":12},"end":{"line":3,"column":37}},"2":{"start":{"line":4,"column":12},"end":{"line":4,"column":35}},"3":{"start":{"line":5,"column":2},"end":{"line":5,"column":80}},"4":{"start":{"line":5,"column":42},"end":{"line":5,"column":80}},"5":{"start":{"line":6,"column":16},"end":{"line":6,"column":36}},"6":{"start":{"line":7,"column":2},"end":{"line":7,"column":33}}},"fnMap":{"0":{"name":"calcRideDurationHours","decl":{"start":{"line":2,"column":26},"end":{"line":2,"column":47}},"loc":{"start":{"line":2,"column":71},"end":{"line":8,"column":1}},"line":2}},"branchMap":{"0":{"loc":{"start":{"line":5,"column":2},"end":{"line":5,"column":80}},"type":"if","locations":[{"start":{"line":5,"column":2},"end":{"line":5,"column":80}},{"start":{},"end":{}}],"line":5},"1":{"loc":{"start":{"line":5,"column":6},"end":{"line":5,"column":40}},"type":"binary-expr","locations":[{"start":{"line":5,"column":6},"end":{"line":5,"column":21}},{"start":{"line":5,"column":25},"end":{"line":5,"column":40}}],"line":5},"2":{"loc":{"start":{"line":7,"column":9},"end":{"line":7,"column":32}},"type":"cond-expr","locations":[{"start":{"line":7,"column":23},"end":{"line":7,"column":24}},{"start":{"line":7,"column":27},"end":{"line":7,"column":32}}],"line":7}},"s":{"0":2,"1":4,"2":4,"3":4,"4":0,"5":4,"6":4},"f":{"0":4},"b":{"0":[0,4],"1":[4,4],"2":[0,4]},"_coverageSchema":"1a1c01bbd47fc00a2c39e90264f33305004495a9","hash":"e3a4e15fbc477a5b44906fa89f8af507876b0b90"}
}
