TN:
SF:app.js
FN:14,(anonymous_0)
FNF:1
FNH:0
FNDA:0,(anonymous_0)
DA:1,1
DA:2,1
DA:4,1
DA:5,1
DA:7,1
DA:8,1
DA:9,1
DA:11,1
DA:12,1
DA:14,1
DA:16,1
LF:11
LH:11
BRF:0
BRH:0
end_of_record
TN:
SF:models\Booking.js
FNF:0
FNH:0
DA:1,2
DA:3,2
DA:12,2
LF:3
LH:3
BRF:0
BRH:0
end_of_record
TN:
SF:models\Vehicle.js
FNF:0
FNH:0
DA:1,2
DA:3,2
DA:9,2
LF:3
LH:3
BRF:0
BRH:0
end_of_record
TN:
SF:routes\bookings.js
FN:8,(anonymous_0)
FNF:1
FNH:1
FNDA:2,(anonymous_0)
DA:1,1
DA:2,1
DA:3,1
DA:4,1
DA:5,1
DA:8,1
DA:9,2
DA:10,2
DA:11,2
DA:12,0
DA:15,2
DA:16,2
DA:18,2
DA:19,2
DA:21,2
DA:22,2
DA:25,2
DA:32,2
DA:33,1
DA:36,1
DA:44,1
DA:45,1
DA:47,0
DA:48,0
DA:52,1
LF:25
LH:22
BRDA:11,0,0,0
BRDA:11,0,1,2
BRDA:11,1,0,2
BRDA:11,1,1,2
BRDA:11,1,2,2
BRDA:11,1,3,2
BRDA:16,2,0,0
BRDA:16,2,1,2
BRDA:19,3,0,0
BRDA:19,3,1,2
BRDA:32,4,0,1
BRDA:32,4,1,1
BRDA:42,5,0,1
BRDA:42,5,1,0
BRF:14
BRH:10
end_of_record
TN:
SF:routes\vehicles.js
FN:8,(anonymous_0)
FN:25,(anonymous_1)
FN:53,(anonymous_2)
FN:63,(anonymous_3)
FNF:4
FNH:3
FNDA:4,(anonymous_0)
FNDA:3,(anonymous_1)
FNDA:2,(anonymous_2)
FNDA:0,(anonymous_3)
DA:1,2
DA:2,2
DA:3,2
DA:4,2
DA:5,2
DA:8,2
DA:9,4
DA:10,4
DA:11,4
DA:12,1
DA:14,3
DA:15,3
DA:16,3
DA:18,0
DA:19,0
DA:25,2
DA:26,3
DA:27,3
DA:30,3
DA:31,0
DA:33,3
DA:34,3
DA:35,1
DA:37,2
DA:38,2
DA:42,2
DA:43,2
DA:45,0
DA:47,2
DA:50,2
DA:53,2
DA:54,2
DA:66,0
DA:73,2
DA:74,1
DA:79,1
DA:83,2
DA:84,2
DA:86,0
DA:87,0
DA:91,2
LF:41
LH:34
BRDA:11,0,0,1
BRDA:11,0,1,3
BRDA:11,1,0,4
BRDA:11,1,1,4
BRDA:11,1,2,3
BRDA:30,2,0,0
BRDA:30,2,1,3
BRDA:30,3,0,3
BRDA:30,3,1,3
BRDA:30,3,2,3
BRDA:30,3,3,3
BRDA:34,4,0,1
BRDA:34,4,1,2
BRDA:38,5,0,0
BRDA:38,5,1,2
BRDA:73,6,0,1
BRDA:73,6,1,1
BRF:17
BRH:15
end_of_record
TN:
SF:utils\calcRideDuration.js
FN:2,calcRideDurationHours
FNF:1
FNH:1
FNDA:4,calcRideDurationHours
DA:2,2
DA:3,4
DA:4,4
DA:5,4
DA:6,4
DA:7,4
LF:6
LH:6
BRDA:5,0,0,0
BRDA:5,0,1,4
BRDA:5,1,0,4
BRDA:5,1,1,4
BRDA:7,2,0,0
BRDA:7,2,1,4
BRF:6
BRH:4
end_of_record
